2025-12-29T12:36:43.877Z [ERROR]: Error: querySrv ENOTFOUND _mongodb._tcp.doanmobilesocial.mongodb.net
    at QueryReqWrap.onresolve [as oncomplete] (node:internal/dns/promises:294:17)
2025-12-29T12:36:43.878Z [ERROR]: Error: querySrv ENOTFOUND _mongodb._tcp.doanmobilesocial.mongodb.net
    at QueryReqWrap.onresolve [as oncomplete] (node:internal/dns/promises:294:17)
2025-12-29T12:36:58.825Z [ERROR]: MongooseError: Operation `livestreams.find()` buffering timed out after 10000ms
    at Timeout.<anonymous> (C:\Users\ROG\DoAnMangXaHoi\social-app\node_modules\mongoose\lib\drivers\node-mongodb-native\collection.js:187:23)
    at listOnTimeout (node:internal/timers:588:17)
    at processTimers (node:internal/timers:523:7)
2025-12-29T12:37:03.840Z [ERROR]: MongooseError: Operation `livestreams.find()` buffering timed out after 10000ms
    at Timeout.<anonymous> (C:\Users\ROG\DoAnMangXaHoi\social-app\node_modules\mongoose\lib\drivers\node-mongodb-native\collection.js:187:23)
    at listOnTimeout (node:internal/timers:588:17)
    at processTimers (node:internal/timers:523:7)
2025-12-29T12:37:08.841Z [ERROR]: MongooseError: Operation `livestreams.find()` buffering timed out after 10000ms
    at Timeout.<anonymous> (C:\Users\ROG\DoAnMangXaHoi\social-app\node_modules\mongoose\lib\drivers\node-mongodb-native\collection.js:187:23)
    at listOnTimeout (node:internal/timers:588:17)
    at processTimers (node:internal/timers:523:7)
2025-12-29T12:37:13.845Z [ERROR]: MongooseError: Operation `livestreams.find()` buffering timed out after 10000ms
    at Timeout.<anonymous> (C:\Users\ROG\DoAnMangXaHoi\social-app\node_modules\mongoose\lib\drivers\node-mongodb-native\collection.js:187:23)
    at listOnTimeout (node:internal/timers:588:17)
    at processTimers (node:internal/timers:523:7)
2025-12-29T12:37:18.848Z [ERROR]: MongooseError: Operation `livestreams.find()` buffering timed out after 10000ms
    at Timeout.<anonymous> (C:\Users\ROG\DoAnMangXaHoi\social-app\node_modules\mongoose\lib\drivers\node-mongodb-native\collection.js:187:23)
    at listOnTimeout (node:internal/timers:588:17)
    at processTimers (node:internal/timers:523:7)
2025-12-29T12:37:23.853Z [ERROR]: MongooseError: Operation `livestreams.find()` buffering timed out after 10000ms
    at Timeout.<anonymous> (C:\Users\ROG\DoAnMangXaHoi\social-app\node_modules\mongoose\lib\drivers\node-mongodb-native\collection.js:187:23)
    at listOnTimeout (node:internal/timers:588:17)
    at processTimers (node:internal/timers:523:7)
2025-12-29T12:37:28.853Z [ERROR]: MongooseError: Operation `livestreams.find()` buffering timed out after 10000ms
    at Timeout.<anonymous> (C:\Users\ROG\DoAnMangXaHoi\social-app\node_modules\mongoose\lib\drivers\node-mongodb-native\collection.js:187:23)
    at listOnTimeout (node:internal/timers:588:17)
    at processTimers (node:internal/timers:523:7)
2025-12-29T12:37:33.859Z [ERROR]: MongooseError: Operation `livestreams.find()` buffering timed out after 10000ms
    at Timeout.<anonymous> (C:\Users\ROG\DoAnMangXaHoi\social-app\node_modules\mongoose\lib\drivers\node-mongodb-native\collection.js:187:23)
    at listOnTimeout (node:internal/timers:588:17)
    at processTimers (node:internal/timers:523:7)
2025-12-29T12:37:38.865Z [ERROR]: MongooseError: Operation `livestreams.find()` buffering timed out after 10000ms
    at Timeout.<anonymous> (C:\Users\ROG\DoAnMangXaHoi\social-app\node_modules\mongoose\lib\drivers\node-mongodb-native\collection.js:187:23)
    at listOnTimeout (node:internal/timers:588:17)
    at processTimers (node:internal/timers:523:7)
2025-12-29T12:37:43.302Z [ERROR]: Error: querySrv ENOTFOUND _mongodb._tcp.doanmobilesocial.mongodb.net
    at QueryReqWrap.onresolve [as oncomplete] (node:internal/dns/promises:294:17)
2025-12-29T12:37:43.303Z [ERROR]: Error: querySrv ENOTFOUND _mongodb._tcp.doanmobilesocial.mongodb.net
    at QueryReqWrap.onresolve [as oncomplete] (node:internal/dns/promises:294:17)
2025-12-29T12:37:58.214Z [ERROR]: MongooseError: Operation `livestreams.find()` buffering timed out after 10000ms
    at Timeout.<anonymous> (C:\Users\ROG\DoAnMangXaHoi\social-app\node_modules\mongoose\lib\drivers\node-mongodb-native\collection.js:187:23)
    at listOnTimeout (node:internal/timers:588:17)
    at processTimers (node:internal/timers:523:7)
2025-12-29T12:38:03.220Z [ERROR]: MongooseError: Operation `livestreams.find()` buffering timed out after 10000ms
    at Timeout.<anonymous> (C:\Users\ROG\DoAnMangXaHoi\social-app\node_modules\mongoose\lib\drivers\node-mongodb-native\collection.js:187:23)
    at listOnTimeout (node:internal/timers:588:17)
    at processTimers (node:internal/timers:523:7)
2025-12-29T12:38:08.229Z [ERROR]: MongooseError: Operation `livestreams.find()` buffering timed out after 10000ms
    at Timeout.<anonymous> (C:\Users\ROG\DoAnMangXaHoi\social-app\node_modules\mongoose\lib\drivers\node-mongodb-native\collection.js:187:23)
    at listOnTimeout (node:internal/timers:588:17)
    at processTimers (node:internal/timers:523:7)
2025-12-29T12:38:45.269Z [ERROR]: Error: querySrv ENOTFOUND _mongodb._tcp.doanmobilesocial.mongodb.net
    at QueryReqWrap.onresolve [as oncomplete] (node:internal/dns/promises:294:17)
2025-12-29T12:38:45.270Z [ERROR]: Error: querySrv ENOTFOUND _mongodb._tcp.doanmobilesocial.mongodb.net
    at QueryReqWrap.onresolve [as oncomplete] (node:internal/dns/promises:294:17)
2025-12-29T12:39:00.220Z [ERROR]: MongooseError: Operation `livestreams.find()` buffering timed out after 10000ms
    at Timeout.<anonymous> (C:\Users\ROG\DoAnMangXaHoi\social-app\node_modules\mongoose\lib\drivers\node-mongodb-native\collection.js:187:23)
    at listOnTimeout (node:internal/timers:588:17)
    at processTimers (node:internal/timers:523:7)
2025-12-29T12:39:05.237Z [ERROR]: MongooseError: Operation `livestreams.find()` buffering timed out after 10000ms
    at Timeout.<anonymous> (C:\Users\ROG\DoAnMangXaHoi\social-app\node_modules\mongoose\lib\drivers\node-mongodb-native\collection.js:187:23)
    at listOnTimeout (node:internal/timers:588:17)
    at processTimers (node:internal/timers:523:7)
2025-12-29T12:39:10.244Z [ERROR]: MongooseError: Operation `livestreams.find()` buffering timed out after 10000ms
    at Timeout.<anonymous> (C:\Users\ROG\DoAnMangXaHoi\social-app\node_modules\mongoose\lib\drivers\node-mongodb-native\collection.js:187:23)
    at listOnTimeout (node:internal/timers:588:17)
    at processTimers (node:internal/timers:523:7)
2025-12-29T12:39:15.249Z [ERROR]: MongooseError: Operation `livestreams.find()` buffering timed out after 10000ms
    at Timeout.<anonymous> (C:\Users\ROG\DoAnMangXaHoi\social-app\node_modules\mongoose\lib\drivers\node-mongodb-native\collection.js:187:23)
    at listOnTimeout (node:internal/timers:588:17)
    at processTimers (node:internal/timers:523:7)
2025-12-29T12:39:20.251Z [ERROR]: MongooseError: Operation `livestreams.find()` buffering timed out after 10000ms
    at Timeout.<anonymous> (C:\Users\ROG\DoAnMangXaHoi\social-app\node_modules\mongoose\lib\drivers\node-mongodb-native\collection.js:187:23)
    at listOnTimeout (node:internal/timers:588:17)
    at processTimers (node:internal/timers:523:7)
2025-12-29T12:39:25.265Z [ERROR]: MongooseError: Operation `livestreams.find()` buffering timed out after 10000ms
    at Timeout.<anonymous> (C:\Users\ROG\DoAnMangXaHoi\social-app\node_modules\mongoose\lib\drivers\node-mongodb-native\collection.js:187:23)
    at listOnTimeout (node:internal/timers:588:17)
    at processTimers (node:internal/timers:523:7)
2025-12-29T12:39:30.264Z [ERROR]: MongooseError: Operation `livestreams.find()` buffering timed out after 10000ms
    at Timeout.<anonymous> (C:\Users\ROG\DoAnMangXaHoi\social-app\node_modules\mongoose\lib\drivers\node-mongodb-native\collection.js:187:23)
    at listOnTimeout (node:internal/timers:588:17)
    at processTimers (node:internal/timers:523:7)
2025-12-29T12:39:35.284Z [ERROR]: MongooseError: Operation `livestreams.find()` buffering timed out after 10000ms
    at Timeout.<anonymous> (C:\Users\ROG\DoAnMangXaHoi\social-app\node_modules\mongoose\lib\drivers\node-mongodb-native\collection.js:187:23)
    at listOnTimeout (node:internal/timers:588:17)
    at processTimers (node:internal/timers:523:7)
2025-12-29T12:39:40.293Z [ERROR]: MongooseError: Operation `livestreams.find()` buffering timed out after 10000ms
    at Timeout.<anonymous> (C:\Users\ROG\DoAnMangXaHoi\social-app\node_modules\mongoose\lib\drivers\node-mongodb-native\collection.js:187:23)
    at listOnTimeout (node:internal/timers:588:17)
    at processTimers (node:internal/timers:523:7)
2025-12-29T12:39:45.304Z [ERROR]: MongooseError: Operation `livestreams.find()` buffering timed out after 10000ms
    at Timeout.<anonymous> (C:\Users\ROG\DoAnMangXaHoi\social-app\node_modules\mongoose\lib\drivers\node-mongodb-native\collection.js:187:23)
    at listOnTimeout (node:internal/timers:588:17)
    at processTimers (node:internal/timers:523:7)
2025-12-29T12:39:50.305Z [ERROR]: MongooseError: Operation `livestreams.find()` buffering timed out after 10000ms
    at Timeout.<anonymous> (C:\Users\ROG\DoAnMangXaHoi\social-app\node_modules\mongoose\lib\drivers\node-mongodb-native\collection.js:187:23)
    at listOnTimeout (node:internal/timers:588:17)
    at processTimers (node:internal/timers:523:7)
2025-12-29T12:39:55.320Z [ERROR]: MongooseError: Operation `livestreams.find()` buffering timed out after 10000ms
    at Timeout.<anonymous> (C:\Users\ROG\DoAnMangXaHoi\social-app\node_modules\mongoose\lib\drivers\node-mongodb-native\collection.js:187:23)
    at listOnTimeout (node:internal/timers:588:17)
    at processTimers (node:internal/timers:523:7)
2025-12-29T12:40:00.315Z [ERROR]: MongooseError: Operation `livestreams.find()` buffering timed out after 10000ms
    at Timeout.<anonymous> (C:\Users\ROG\DoAnMangXaHoi\social-app\node_modules\mongoose\lib\drivers\node-mongodb-native\collection.js:187:23)
    at listOnTimeout (node:internal/timers:588:17)
    at processTimers (node:internal/timers:523:7)
2025-12-29T12:40:05.335Z [ERROR]: MongooseError: Operation `livestreams.find()` buffering timed out after 10000ms
    at Timeout.<anonymous> (C:\Users\ROG\DoAnMangXaHoi\social-app\node_modules\mongoose\lib\drivers\node-mongodb-native\collection.js:187:23)
    at listOnTimeout (node:internal/timers:588:17)
    at processTimers (node:internal/timers:523:7)
2025-12-29T12:40:10.341Z [ERROR]: MongooseError: Operation `livestreams.find()` buffering timed out after 10000ms
    at Timeout.<anonymous> (C:\Users\ROG\DoAnMangXaHoi\social-app\node_modules\mongoose\lib\drivers\node-mongodb-native\collection.js:187:23)
    at listOnTimeout (node:internal/timers:588:17)
    at processTimers (node:internal/timers:523:7)
2025-12-29T12:40:15.339Z [ERROR]: MongooseError: Operation `livestreams.find()` buffering timed out after 10000ms
    at Timeout.<anonymous> (C:\Users\ROG\DoAnMangXaHoi\social-app\node_modules\mongoose\lib\drivers\node-mongodb-native\collection.js:187:23)
    at listOnTimeout (node:internal/timers:588:17)
    at processTimers (node:internal/timers:523:7)
2025-12-29T12:40:20.353Z [ERROR]: MongooseError: Operation `livestreams.find()` buffering timed out after 10000ms
    at Timeout.<anonymous> (C:\Users\ROG\DoAnMangXaHoi\social-app\node_modules\mongoose\lib\drivers\node-mongodb-native\collection.js:187:23)
    at listOnTimeout (node:internal/timers:588:17)
    at processTimers (node:internal/timers:523:7)
2025-12-29T12:40:25.357Z [ERROR]: MongooseError: Operation `livestreams.find()` buffering timed out after 10000ms
    at Timeout.<anonymous> (C:\Users\ROG\DoAnMangXaHoi\social-app\node_modules\mongoose\lib\drivers\node-mongodb-native\collection.js:187:23)
    at listOnTimeout (node:internal/timers:588:17)
    at processTimers (node:internal/timers:523:7)
2025-12-29T12:40:30.384Z [ERROR]: MongooseError: Operation `livestreams.find()` buffering timed out after 10000ms
    at Timeout.<anonymous> (C:\Users\ROG\DoAnMangXaHoi\social-app\node_modules\mongoose\lib\drivers\node-mongodb-native\collection.js:187:23)
    at listOnTimeout (node:internal/timers:588:17)
    at processTimers (node:internal/timers:523:7)
2025-12-29T12:40:35.389Z [ERROR]: MongooseError: Operation `livestreams.find()` buffering timed out after 10000ms
    at Timeout.<anonymous> (C:\Users\ROG\DoAnMangXaHoi\social-app\node_modules\mongoose\lib\drivers\node-mongodb-native\collection.js:187:23)
    at listOnTimeout (node:internal/timers:588:17)
    at processTimers (node:internal/timers:523:7)
2025-12-29T12:40:40.404Z [ERROR]: MongooseError: Operation `livestreams.find()` buffering timed out after 10000ms
    at Timeout.<anonymous> (C:\Users\ROG\DoAnMangXaHoi\social-app\node_modules\mongoose\lib\drivers\node-mongodb-native\collection.js:187:23)
    at listOnTimeout (node:internal/timers:588:17)
    at processTimers (node:internal/timers:523:7)
2025-12-29T12:40:45.391Z [ERROR]: MongooseError: Operation `livestreams.find()` buffering timed out after 10000ms
    at Timeout.<anonymous> (C:\Users\ROG\DoAnMangXaHoi\social-app\node_modules\mongoose\lib\drivers\node-mongodb-native\collection.js:187:23)
    at listOnTimeout (node:internal/timers:588:17)
    at processTimers (node:internal/timers:523:7)
2025-12-29T12:40:50.418Z [ERROR]: MongooseError: Operation `livestreams.find()` buffering timed out after 10000ms
    at Timeout.<anonymous> (C:\Users\ROG\DoAnMangXaHoi\social-app\node_modules\mongoose\lib\drivers\node-mongodb-native\collection.js:187:23)
    at listOnTimeout (node:internal/timers:588:17)
    at processTimers (node:internal/timers:523:7)
2025-12-29T12:40:55.413Z [ERROR]: MongooseError: Operation `livestreams.find()` buffering timed out after 10000ms
    at Timeout.<anonymous> (C:\Users\ROG\DoAnMangXaHoi\social-app\node_modules\mongoose\lib\drivers\node-mongodb-native\collection.js:187:23)
    at listOnTimeout (node:internal/timers:588:17)
    at processTimers (node:internal/timers:523:7)
2025-12-29T12:41:00.432Z [ERROR]: MongooseError: Operation `livestreams.find()` buffering timed out after 10000ms
    at Timeout.<anonymous> (C:\Users\ROG\DoAnMangXaHoi\social-app\node_modules\mongoose\lib\drivers\node-mongodb-native\collection.js:187:23)
    at listOnTimeout (node:internal/timers:588:17)
    at processTimers (node:internal/timers:523:7)
2025-12-29T12:41:05.445Z [ERROR]: MongooseError: Operation `livestreams.find()` buffering timed out after 10000ms
    at Timeout.<anonymous> (C:\Users\ROG\DoAnMangXaHoi\social-app\node_modules\mongoose\lib\drivers\node-mongodb-native\collection.js:187:23)
    at listOnTimeout (node:internal/timers:588:17)
    at processTimers (node:internal/timers:523:7)
2025-12-29T12:41:10.451Z [ERROR]: MongooseError: Operation `livestreams.find()` buffering timed out after 10000ms
    at Timeout.<anonymous> (C:\Users\ROG\DoAnMangXaHoi\social-app\node_modules\mongoose\lib\drivers\node-mongodb-native\collection.js:187:23)
    at listOnTimeout (node:internal/timers:588:17)
    at processTimers (node:internal/timers:523:7)
2025-12-29T12:41:15.465Z [ERROR]: MongooseError: Operation `livestreams.find()` buffering timed out after 10000ms
    at Timeout.<anonymous> (C:\Users\ROG\DoAnMangXaHoi\social-app\node_modules\mongoose\lib\drivers\node-mongodb-native\collection.js:187:23)
    at listOnTimeout (node:internal/timers:588:17)
    at processTimers (node:internal/timers:523:7)
2025-12-29T12:41:20.482Z [ERROR]: MongooseError: Operation `livestreams.find()` buffering timed out after 10000ms
    at Timeout.<anonymous> (C:\Users\ROG\DoAnMangXaHoi\social-app\node_modules\mongoose\lib\drivers\node-mongodb-native\collection.js:187:23)
    at listOnTimeout (node:internal/timers:588:17)
    at processTimers (node:internal/timers:523:7)
2025-12-29T12:41:25.482Z [ERROR]: MongooseError: Operation `livestreams.find()` buffering timed out after 10000ms
    at Timeout.<anonymous> (C:\Users\ROG\DoAnMangXaHoi\social-app\node_modules\mongoose\lib\drivers\node-mongodb-native\collection.js:187:23)
    at listOnTimeout (node:internal/timers:588:17)
    at processTimers (node:internal/timers:523:7)
2025-12-29T12:41:30.497Z [ERROR]: MongooseError: Operation `livestreams.find()` buffering timed out after 10000ms
    at Timeout.<anonymous> (C:\Users\ROG\DoAnMangXaHoi\social-app\node_modules\mongoose\lib\drivers\node-mongodb-native\collection.js:187:23)
    at listOnTimeout (node:internal/timers:588:17)
    at processTimers (node:internal/timers:523:7)
2025-12-29T12:41:35.505Z [ERROR]: MongooseError: Operation `livestreams.find()` buffering timed out after 10000ms
    at Timeout.<anonymous> (C:\Users\ROG\DoAnMangXaHoi\social-app\node_modules\mongoose\lib\drivers\node-mongodb-native\collection.js:187:23)
    at listOnTimeout (node:internal/timers:588:17)
    at processTimers (node:internal/timers:523:7)
2025-12-29T12:41:40.506Z [ERROR]: MongooseError: Operation `livestreams.find()` buffering timed out after 10000ms
    at Timeout.<anonymous> (C:\Users\ROG\DoAnMangXaHoi\social-app\node_modules\mongoose\lib\drivers\node-mongodb-native\collection.js:187:23)
    at listOnTimeout (node:internal/timers:588:17)
    at processTimers (node:internal/timers:523:7)
2025-12-29T12:41:45.510Z [ERROR]: MongooseError: Operation `livestreams.find()` buffering timed out after 10000ms
    at Timeout.<anonymous> (C:\Users\ROG\DoAnMangXaHoi\social-app\node_modules\mongoose\lib\drivers\node-mongodb-native\collection.js:187:23)
    at listOnTimeout (node:internal/timers:588:17)
    at processTimers (node:internal/timers:523:7)
2025-12-29T12:41:50.518Z [ERROR]: MongooseError: Operation `livestreams.find()` buffering timed out after 10000ms
    at Timeout.<anonymous> (C:\Users\ROG\DoAnMangXaHoi\social-app\node_modules\mongoose\lib\drivers\node-mongodb-native\collection.js:187:23)
    at listOnTimeout (node:internal/timers:588:17)
    at processTimers (node:internal/timers:523:7)
2025-12-29T12:41:55.520Z [ERROR]: MongooseError: Operation `livestreams.find()` buffering timed out after 10000ms
    at Timeout.<anonymous> (C:\Users\ROG\DoAnMangXaHoi\social-app\node_modules\mongoose\lib\drivers\node-mongodb-native\collection.js:187:23)
    at listOnTimeout (node:internal/timers:588:17)
    at processTimers (node:internal/timers:523:7)
2025-12-29T12:42:00.522Z [ERROR]: MongooseError: Operation `livestreams.find()` buffering timed out after 10000ms
    at Timeout.<anonymous> (C:\Users\ROG\DoAnMangXaHoi\social-app\node_modules\mongoose\lib\drivers\node-mongodb-native\collection.js:187:23)
    at listOnTimeout (node:internal/timers:588:17)
    at processTimers (node:internal/timers:523:7)
2025-12-29T12:42:05.531Z [ERROR]: MongooseError: Operation `livestreams.find()` buffering timed out after 10000ms
    at Timeout.<anonymous> (C:\Users\ROG\DoAnMangXaHoi\social-app\node_modules\mongoose\lib\drivers\node-mongodb-native\collection.js:187:23)
    at listOnTimeout (node:internal/timers:588:17)
    at processTimers (node:internal/timers:523:7)
2025-12-29T12:42:10.537Z [ERROR]: MongooseError: Operation `livestreams.find()` buffering timed out after 10000ms
    at Timeout.<anonymous> (C:\Users\ROG\DoAnMangXaHoi\social-app\node_modules\mongoose\lib\drivers\node-mongodb-native\collection.js:187:23)
    at listOnTimeout (node:internal/timers:588:17)
    at processTimers (node:internal/timers:523:7)
2025-12-29T12:42:15.537Z [ERROR]: MongooseError: Operation `livestreams.find()` buffering timed out after 10000ms
    at Timeout.<anonymous> (C:\Users\ROG\DoAnMangXaHoi\social-app\node_modules\mongoose\lib\drivers\node-mongodb-native\collection.js:187:23)
    at listOnTimeout (node:internal/timers:588:17)
    at processTimers (node:internal/timers:523:7)
2025-12-29T12:42:20.548Z [ERROR]: MongooseError: Operation `livestreams.find()` buffering timed out after 10000ms
    at Timeout.<anonymous> (C:\Users\ROG\DoAnMangXaHoi\social-app\node_modules\mongoose\lib\drivers\node-mongodb-native\collection.js:187:23)
    at listOnTimeout (node:internal/timers:588:17)
    at processTimers (node:internal/timers:523:7)
2025-12-29T12:42:25.540Z [ERROR]: MongooseError: Operation `livestreams.find()` buffering timed out after 10000ms
    at Timeout.<anonymous> (C:\Users\ROG\DoAnMangXaHoi\social-app\node_modules\mongoose\lib\drivers\node-mongodb-native\collection.js:187:23)
    at listOnTimeout (node:internal/timers:588:17)
    at processTimers (node:internal/timers:523:7)
2025-12-29T12:42:30.555Z [ERROR]: MongooseError: Operation `livestreams.find()` buffering timed out after 10000ms
    at Timeout.<anonymous> (C:\Users\ROG\DoAnMangXaHoi\social-app\node_modules\mongoose\lib\drivers\node-mongodb-native\collection.js:187:23)
    at listOnTimeout (node:internal/timers:588:17)
    at processTimers (node:internal/timers:523:7)
2025-12-29T12:42:35.561Z [ERROR]: MongooseError: Operation `livestreams.find()` buffering timed out after 10000ms
    at Timeout.<anonymous> (C:\Users\ROG\DoAnMangXaHoi\social-app\node_modules\mongoose\lib\drivers\node-mongodb-native\collection.js:187:23)
    at listOnTimeout (node:internal/timers:588:17)
    at processTimers (node:internal/timers:523:7)
2025-12-29T12:42:40.560Z [ERROR]: MongooseError: Operation `livestreams.find()` buffering timed out after 10000ms
    at Timeout.<anonymous> (C:\Users\ROG\DoAnMangXaHoi\social-app\node_modules\mongoose\lib\drivers\node-mongodb-native\collection.js:187:23)
    at listOnTimeout (node:internal/timers:588:17)
    at processTimers (node:internal/timers:523:7)
2025-12-29T12:42:45.570Z [ERROR]: MongooseError: Operation `livestreams.find()` buffering timed out after 10000ms
    at Timeout.<anonymous> (C:\Users\ROG\DoAnMangXaHoi\social-app\node_modules\mongoose\lib\drivers\node-mongodb-native\collection.js:187:23)
    at listOnTimeout (node:internal/timers:588:17)
    at processTimers (node:internal/timers:523:7)
2025-12-29T12:42:50.587Z [ERROR]: MongooseError: Operation `livestreams.find()` buffering timed out after 10000ms
    at Timeout.<anonymous> (C:\Users\ROG\DoAnMangXaHoi\social-app\node_modules\mongoose\lib\drivers\node-mongodb-native\collection.js:187:23)
    at listOnTimeout (node:internal/timers:588:17)
    at processTimers (node:internal/timers:523:7)
2025-12-29T12:42:55.594Z [ERROR]: MongooseError: Operation `livestreams.find()` buffering timed out after 10000ms
    at Timeout.<anonymous> (C:\Users\ROG\DoAnMangXaHoi\social-app\node_modules\mongoose\lib\drivers\node-mongodb-native\collection.js:187:23)
    at listOnTimeout (node:internal/timers:588:17)
    at processTimers (node:internal/timers:523:7)
2025-12-29T12:43:00.592Z [ERROR]: MongooseError: Operation `livestreams.find()` buffering timed out after 10000ms
    at Timeout.<anonymous> (C:\Users\ROG\DoAnMangXaHoi\social-app\node_modules\mongoose\lib\drivers\node-mongodb-native\collection.js:187:23)
    at listOnTimeout (node:internal/timers:588:17)
    at processTimers (node:internal/timers:523:7)
2025-12-29T12:43:05.604Z [ERROR]: MongooseError: Operation `livestreams.find()` buffering timed out after 10000ms
    at Timeout.<anonymous> (C:\Users\ROG\DoAnMangXaHoi\social-app\node_modules\mongoose\lib\drivers\node-mongodb-native\collection.js:187:23)
    at listOnTimeout (node:internal/timers:588:17)
    at processTimers (node:internal/timers:523:7)
2025-12-29T12:43:10.620Z [ERROR]: MongooseError: Operation `livestreams.find()` buffering timed out after 10000ms
    at Timeout.<anonymous> (C:\Users\ROG\DoAnMangXaHoi\social-app\node_modules\mongoose\lib\drivers\node-mongodb-native\collection.js:187:23)
    at listOnTimeout (node:internal/timers:588:17)
    at processTimers (node:internal/timers:523:7)
2025-12-29T12:43:15.619Z [ERROR]: MongooseError: Operation `livestreams.find()` buffering timed out after 10000ms
    at Timeout.<anonymous> (C:\Users\ROG\DoAnMangXaHoi\social-app\node_modules\mongoose\lib\drivers\node-mongodb-native\collection.js:187:23)
    at listOnTimeout (node:internal/timers:588:17)
    at processTimers (node:internal/timers:523:7)
2025-12-29T12:43:20.635Z [ERROR]: MongooseError: Operation `livestreams.find()` buffering timed out after 10000ms
    at Timeout.<anonymous> (C:\Users\ROG\DoAnMangXaHoi\social-app\node_modules\mongoose\lib\drivers\node-mongodb-native\collection.js:187:23)
    at listOnTimeout (node:internal/timers:588:17)
    at processTimers (node:internal/timers:523:7)
2025-12-29T12:43:25.644Z [ERROR]: MongooseError: Operation `livestreams.find()` buffering timed out after 10000ms
    at Timeout.<anonymous> (C:\Users\ROG\DoAnMangXaHoi\social-app\node_modules\mongoose\lib\drivers\node-mongodb-native\collection.js:187:23)
    at listOnTimeout (node:internal/timers:588:17)
    at processTimers (node:internal/timers:523:7)
2025-12-29T12:43:30.650Z [ERROR]: MongooseError: Operation `livestreams.find()` buffering timed out after 10000ms
    at Timeout.<anonymous> (C:\Users\ROG\DoAnMangXaHoi\social-app\node_modules\mongoose\lib\drivers\node-mongodb-native\collection.js:187:23)
    at listOnTimeout (node:internal/timers:588:17)
    at processTimers (node:internal/timers:523:7)
2025-12-29T12:43:35.648Z [ERROR]: MongooseError: Operation `livestreams.find()` buffering timed out after 10000ms
    at Timeout.<anonymous> (C:\Users\ROG\DoAnMangXaHoi\social-app\node_modules\mongoose\lib\drivers\node-mongodb-native\collection.js:187:23)
    at listOnTimeout (node:internal/timers:588:17)
    at processTimers (node:internal/timers:523:7)
2025-12-29T12:43:40.666Z [ERROR]: MongooseError: Operation `livestreams.find()` buffering timed out after 10000ms
    at Timeout.<anonymous> (C:\Users\ROG\DoAnMangXaHoi\social-app\node_modules\mongoose\lib\drivers\node-mongodb-native\collection.js:187:23)
    at listOnTimeout (node:internal/timers:588:17)
    at processTimers (node:internal/timers:523:7)
2025-12-29T12:43:45.674Z [ERROR]: MongooseError: Operation `livestreams.find()` buffering timed out after 10000ms
    at Timeout.<anonymous> (C:\Users\ROG\DoAnMangXaHoi\social-app\node_modules\mongoose\lib\drivers\node-mongodb-native\collection.js:187:23)
    at listOnTimeout (node:internal/timers:588:17)
    at processTimers (node:internal/timers:523:7)
2025-12-29T12:43:50.680Z [ERROR]: MongooseError: Operation `livestreams.find()` buffering timed out after 10000ms
    at Timeout.<anonymous> (C:\Users\ROG\DoAnMangXaHoi\social-app\node_modules\mongoose\lib\drivers\node-mongodb-native\collection.js:187:23)
    at listOnTimeout (node:internal/timers:588:17)
    at processTimers (node:internal/timers:523:7)
2025-12-29T12:43:55.683Z [ERROR]: MongooseError: Operation `livestreams.find()` buffering timed out after 10000ms
    at Timeout.<anonymous> (C:\Users\ROG\DoAnMangXaHoi\social-app\node_modules\mongoose\lib\drivers\node-mongodb-native\collection.js:187:23)
    at listOnTimeout (node:internal/timers:588:17)
    at processTimers (node:internal/timers:523:7)
2025-12-29T12:44:00.688Z [ERROR]: MongooseError: Operation `livestreams.find()` buffering timed out after 10000ms
    at Timeout.<anonymous> (C:\Users\ROG\DoAnMangXaHoi\social-app\node_modules\mongoose\lib\drivers\node-mongodb-native\collection.js:187:23)
    at listOnTimeout (node:internal/timers:588:17)
    at processTimers (node:internal/timers:523:7)
2025-12-29T12:44:05.704Z [ERROR]: MongooseError: Operation `livestreams.find()` buffering timed out after 10000ms
    at Timeout.<anonymous> (C:\Users\ROG\DoAnMangXaHoi\social-app\node_modules\mongoose\lib\drivers\node-mongodb-native\collection.js:187:23)
    at listOnTimeout (node:internal/timers:588:17)
    at processTimers (node:internal/timers:523:7)
2025-12-29T12:44:10.697Z [ERROR]: MongooseError: Operation `livestreams.find()` buffering timed out after 10000ms
    at Timeout.<anonymous> (C:\Users\ROG\DoAnMangXaHoi\social-app\node_modules\mongoose\lib\drivers\node-mongodb-native\collection.js:187:23)
    at listOnTimeout (node:internal/timers:588:17)
    at processTimers (node:internal/timers:523:7)
2025-12-29T12:44:15.713Z [ERROR]: MongooseError: Operation `livestreams.find()` buffering timed out after 10000ms
    at Timeout.<anonymous> (C:\Users\ROG\DoAnMangXaHoi\social-app\node_modules\mongoose\lib\drivers\node-mongodb-native\collection.js:187:23)
    at listOnTimeout (node:internal/timers:588:17)
    at processTimers (node:internal/timers:523:7)
2025-12-29T12:44:20.728Z [ERROR]: MongooseError: Operation `livestreams.find()` buffering timed out after 10000ms
    at Timeout.<anonymous> (C:\Users\ROG\DoAnMangXaHoi\social-app\node_modules\mongoose\lib\drivers\node-mongodb-native\collection.js:187:23)
    at listOnTimeout (node:internal/timers:588:17)
    at processTimers (node:internal/timers:523:7)
2025-12-29T12:44:25.729Z [ERROR]: MongooseError: Operation `livestreams.find()` buffering timed out after 10000ms
    at Timeout.<anonymous> (C:\Users\ROG\DoAnMangXaHoi\social-app\node_modules\mongoose\lib\drivers\node-mongodb-native\collection.js:187:23)
    at listOnTimeout (node:internal/timers:588:17)
    at processTimers (node:internal/timers:523:7)
2025-12-29T12:44:30.744Z [ERROR]: MongooseError: Operation `livestreams.find()` buffering timed out after 10000ms
    at Timeout.<anonymous> (C:\Users\ROG\DoAnMangXaHoi\social-app\node_modules\mongoose\lib\drivers\node-mongodb-native\collection.js:187:23)
    at listOnTimeout (node:internal/timers:588:17)
    at processTimers (node:internal/timers:523:7)
2025-12-29T12:44:35.744Z [ERROR]: MongooseError: Operation `livestreams.find()` buffering timed out after 10000ms
    at Timeout.<anonymous> (C:\Users\ROG\DoAnMangXaHoi\social-app\node_modules\mongoose\lib\drivers\node-mongodb-native\collection.js:187:23)
    at listOnTimeout (node:internal/timers:588:17)
    at processTimers (node:internal/timers:523:7)
2025-12-29T12:44:40.750Z [ERROR]: MongooseError: Operation `livestreams.find()` buffering timed out after 10000ms
    at Timeout.<anonymous> (C:\Users\ROG\DoAnMangXaHoi\social-app\node_modules\mongoose\lib\drivers\node-mongodb-native\collection.js:187:23)
    at listOnTimeout (node:internal/timers:588:17)
    at processTimers (node:internal/timers:523:7)
2025-12-29T12:44:45.759Z [ERROR]: MongooseError: Operation `livestreams.find()` buffering timed out after 10000ms
    at Timeout.<anonymous> (C:\Users\ROG\DoAnMangXaHoi\social-app\node_modules\mongoose\lib\drivers\node-mongodb-native\collection.js:187:23)
    at listOnTimeout (node:internal/timers:588:17)
    at processTimers (node:internal/timers:523:7)
2025-12-29T12:44:50.760Z [ERROR]: MongooseError: Operation `livestreams.find()` buffering timed out after 10000ms
    at Timeout.<anonymous> (C:\Users\ROG\DoAnMangXaHoi\social-app\node_modules\mongoose\lib\drivers\node-mongodb-native\collection.js:187:23)
    at listOnTimeout (node:internal/timers:588:17)
    at processTimers (node:internal/timers:523:7)
2025-12-29T12:44:55.767Z [ERROR]: MongooseError: Operation `livestreams.find()` buffering timed out after 10000ms
    at Timeout.<anonymous> (C:\Users\ROG\DoAnMangXaHoi\social-app\node_modules\mongoose\lib\drivers\node-mongodb-native\collection.js:187:23)
    at listOnTimeout (node:internal/timers:588:17)
    at processTimers (node:internal/timers:523:7)
2025-12-29T12:45:00.762Z [ERROR]: MongooseError: Operation `livestreams.find()` buffering timed out after 10000ms
    at Timeout.<anonymous> (C:\Users\ROG\DoAnMangXaHoi\social-app\node_modules\mongoose\lib\drivers\node-mongodb-native\collection.js:187:23)
    at listOnTimeout (node:internal/timers:588:17)
    at processTimers (node:internal/timers:523:7)
2025-12-29T12:45:05.775Z [ERROR]: MongooseError: Operation `livestreams.find()` buffering timed out after 10000ms
    at Timeout.<anonymous> (C:\Users\ROG\DoAnMangXaHoi\social-app\node_modules\mongoose\lib\drivers\node-mongodb-native\collection.js:187:23)
    at listOnTimeout (node:internal/timers:588:17)
    at processTimers (node:internal/timers:523:7)
2025-12-29T12:45:10.780Z [ERROR]: MongooseError: Operation `livestreams.find()` buffering timed out after 10000ms
    at Timeout.<anonymous> (C:\Users\ROG\DoAnMangXaHoi\social-app\node_modules\mongoose\lib\drivers\node-mongodb-native\collection.js:187:23)
    at listOnTimeout (node:internal/timers:588:17)
    at processTimers (node:internal/timers:523:7)
2025-12-29T12:45:15.806Z [ERROR]: MongooseError: Operation `livestreams.find()` buffering timed out after 10000ms
    at Timeout.<anonymous> (C:\Users\ROG\DoAnMangXaHoi\social-app\node_modules\mongoose\lib\drivers\node-mongodb-native\collection.js:187:23)
    at listOnTimeout (node:internal/timers:588:17)
    at processTimers (node:internal/timers:523:7)
2025-12-29T12:45:20.798Z [ERROR]: MongooseError: Operation `livestreams.find()` buffering timed out after 10000ms
    at Timeout.<anonymous> (C:\Users\ROG\DoAnMangXaHoi\social-app\node_modules\mongoose\lib\drivers\node-mongodb-native\collection.js:187:23)
    at listOnTimeout (node:internal/timers:588:17)
    at processTimers (node:internal/timers:523:7)
2025-12-29T12:45:25.807Z [ERROR]: MongooseError: Operation `livestreams.find()` buffering timed out after 10000ms
    at Timeout.<anonymous> (C:\Users\ROG\DoAnMangXaHoi\social-app\node_modules\mongoose\lib\drivers\node-mongodb-native\collection.js:187:23)
    at listOnTimeout (node:internal/timers:588:17)
    at processTimers (node:internal/timers:523:7)
2025-12-29T12:45:30.805Z [ERROR]: MongooseError: Operation `livestreams.find()` buffering timed out after 10000ms
    at Timeout.<anonymous> (C:\Users\ROG\DoAnMangXaHoi\social-app\node_modules\mongoose\lib\drivers\node-mongodb-native\collection.js:187:23)
    at listOnTimeout (node:internal/timers:588:17)
    at processTimers (node:internal/timers:523:7)
2025-12-29T12:45:35.821Z [ERROR]: MongooseError: Operation `livestreams.find()` buffering timed out after 10000ms
    at Timeout.<anonymous> (C:\Users\ROG\DoAnMangXaHoi\social-app\node_modules\mongoose\lib\drivers\node-mongodb-native\collection.js:187:23)
    at listOnTimeout (node:internal/timers:588:17)
    at processTimers (node:internal/timers:523:7)
2025-12-29T12:45:40.821Z [ERROR]: MongooseError: Operation `livestreams.find()` buffering timed out after 10000ms
    at Timeout.<anonymous> (C:\Users\ROG\DoAnMangXaHoi\social-app\node_modules\mongoose\lib\drivers\node-mongodb-native\collection.js:187:23)
    at listOnTimeout (node:internal/timers:588:17)
    at processTimers (node:internal/timers:523:7)
2025-12-29T12:45:45.836Z [ERROR]: MongooseError: Operation `livestreams.find()` buffering timed out after 10000ms
    at Timeout.<anonymous> (C:\Users\ROG\DoAnMangXaHoi\social-app\node_modules\mongoose\lib\drivers\node-mongodb-native\collection.js:187:23)
    at listOnTimeout (node:internal/timers:588:17)
    at processTimers (node:internal/timers:523:7)
2025-12-29T12:45:50.837Z [ERROR]: MongooseError: Operation `livestreams.find()` buffering timed out after 10000ms
    at Timeout.<anonymous> (C:\Users\ROG\DoAnMangXaHoi\social-app\node_modules\mongoose\lib\drivers\node-mongodb-native\collection.js:187:23)
    at listOnTimeout (node:internal/timers:588:17)
    at processTimers (node:internal/timers:523:7)
2025-12-29T12:45:55.837Z [ERROR]: MongooseError: Operation `livestreams.find()` buffering timed out after 10000ms
    at Timeout.<anonymous> (C:\Users\ROG\DoAnMangXaHoi\social-app\node_modules\mongoose\lib\drivers\node-mongodb-native\collection.js:187:23)
    at listOnTimeout (node:internal/timers:588:17)
    at processTimers (node:internal/timers:523:7)
2025-12-29T12:46:00.852Z [ERROR]: MongooseError: Operation `livestreams.find()` buffering timed out after 10000ms
    at Timeout.<anonymous> (C:\Users\ROG\DoAnMangXaHoi\social-app\node_modules\mongoose\lib\drivers\node-mongodb-native\collection.js:187:23)
    at listOnTimeout (node:internal/timers:588:17)
    at processTimers (node:internal/timers:523:7)
2025-12-29T12:46:05.851Z [ERROR]: MongooseError: Operation `livestreams.find()` buffering timed out after 10000ms
    at Timeout.<anonymous> (C:\Users\ROG\DoAnMangXaHoi\social-app\node_modules\mongoose\lib\drivers\node-mongodb-native\collection.js:187:23)
    at listOnTimeout (node:internal/timers:588:17)
    at processTimers (node:internal/timers:523:7)
2025-12-29T12:46:10.866Z [ERROR]: MongooseError: Operation `livestreams.find()` buffering timed out after 10000ms
    at Timeout.<anonymous> (C:\Users\ROG\DoAnMangXaHoi\social-app\node_modules\mongoose\lib\drivers\node-mongodb-native\collection.js:187:23)
    at listOnTimeout (node:internal/timers:588:17)
    at processTimers (node:internal/timers:523:7)
2025-12-29T12:46:15.867Z [ERROR]: MongooseError: Operation `livestreams.find()` buffering timed out after 10000ms
    at Timeout.<anonymous> (C:\Users\ROG\DoAnMangXaHoi\social-app\node_modules\mongoose\lib\drivers\node-mongodb-native\collection.js:187:23)
    at listOnTimeout (node:internal/timers:588:17)
    at processTimers (node:internal/timers:523:7)
2025-12-29T12:46:20.868Z [ERROR]: MongooseError: Operation `livestreams.find()` buffering timed out after 10000ms
    at Timeout.<anonymous> (C:\Users\ROG\DoAnMangXaHoi\social-app\node_modules\mongoose\lib\drivers\node-mongodb-native\collection.js:187:23)
    at listOnTimeout (node:internal/timers:588:17)
    at processTimers (node:internal/timers:523:7)
2025-12-29T12:46:25.882Z [ERROR]: MongooseError: Operation `livestreams.find()` buffering timed out after 10000ms
    at Timeout.<anonymous> (C:\Users\ROG\DoAnMangXaHoi\social-app\node_modules\mongoose\lib\drivers\node-mongodb-native\collection.js:187:23)
    at listOnTimeout (node:internal/timers:588:17)
    at processTimers (node:internal/timers:523:7)
2025-12-29T12:46:30.883Z [ERROR]: MongooseError: Operation `livestreams.find()` buffering timed out after 10000ms
    at Timeout.<anonymous> (C:\Users\ROG\DoAnMangXaHoi\social-app\node_modules\mongoose\lib\drivers\node-mongodb-native\collection.js:187:23)
    at listOnTimeout (node:internal/timers:588:17)
    at processTimers (node:internal/timers:523:7)
2025-12-29T12:46:35.886Z [ERROR]: MongooseError: Operation `livestreams.find()` buffering timed out after 10000ms
    at Timeout.<anonymous> (C:\Users\ROG\DoAnMangXaHoi\social-app\node_modules\mongoose\lib\drivers\node-mongodb-native\collection.js:187:23)
    at listOnTimeout (node:internal/timers:588:17)
    at processTimers (node:internal/timers:523:7)
2025-12-29T12:46:40.898Z [ERROR]: MongooseError: Operation `livestreams.find()` buffering timed out after 10000ms
    at Timeout.<anonymous> (C:\Users\ROG\DoAnMangXaHoi\social-app\node_modules\mongoose\lib\drivers\node-mongodb-native\collection.js:187:23)
    at listOnTimeout (node:internal/timers:588:17)
    at processTimers (node:internal/timers:523:7)
2025-12-29T12:46:45.890Z [ERROR]: MongooseError: Operation `livestreams.find()` buffering timed out after 10000ms
    at Timeout.<anonymous> (C:\Users\ROG\DoAnMangXaHoi\social-app\node_modules\mongoose\lib\drivers\node-mongodb-native\collection.js:187:23)
    at listOnTimeout (node:internal/timers:588:17)
    at processTimers (node:internal/timers:523:7)
2025-12-29T12:46:50.904Z [ERROR]: MongooseError: Operation `livestreams.find()` buffering timed out after 10000ms
    at Timeout.<anonymous> (C:\Users\ROG\DoAnMangXaHoi\social-app\node_modules\mongoose\lib\drivers\node-mongodb-native\collection.js:187:23)
    at listOnTimeout (node:internal/timers:588:17)
    at processTimers (node:internal/timers:523:7)
2025-12-29T12:46:55.916Z [ERROR]: MongooseError: Operation `livestreams.find()` buffering timed out after 10000ms
    at Timeout.<anonymous> (C:\Users\ROG\DoAnMangXaHoi\social-app\node_modules\mongoose\lib\drivers\node-mongodb-native\collection.js:187:23)
    at listOnTimeout (node:internal/timers:588:17)
    at processTimers (node:internal/timers:523:7)
2025-12-29T12:47:00.906Z [ERROR]: MongooseError: Operation `livestreams.find()` buffering timed out after 10000ms
    at Timeout.<anonymous> (C:\Users\ROG\DoAnMangXaHoi\social-app\node_modules\mongoose\lib\drivers\node-mongodb-native\collection.js:187:23)
    at listOnTimeout (node:internal/timers:588:17)
    at processTimers (node:internal/timers:523:7)
2025-12-29T12:47:05.919Z [ERROR]: MongooseError: Operation `livestreams.find()` buffering timed out after 10000ms
    at Timeout.<anonymous> (C:\Users\ROG\DoAnMangXaHoi\social-app\node_modules\mongoose\lib\drivers\node-mongodb-native\collection.js:187:23)
    at listOnTimeout (node:internal/timers:588:17)
    at processTimers (node:internal/timers:523:7)
2025-12-29T12:47:10.924Z [ERROR]: MongooseError: Operation `livestreams.find()` buffering timed out after 10000ms
    at Timeout.<anonymous> (C:\Users\ROG\DoAnMangXaHoi\social-app\node_modules\mongoose\lib\drivers\node-mongodb-native\collection.js:187:23)
    at listOnTimeout (node:internal/timers:588:17)
    at processTimers (node:internal/timers:523:7)
2025-12-29T12:47:15.938Z [ERROR]: MongooseError: Operation `livestreams.find()` buffering timed out after 10000ms
    at Timeout.<anonymous> (C:\Users\ROG\DoAnMangXaHoi\social-app\node_modules\mongoose\lib\drivers\node-mongodb-native\collection.js:187:23)
    at listOnTimeout (node:internal/timers:588:17)
    at processTimers (node:internal/timers:523:7)
2025-12-29T12:47:20.943Z [ERROR]: MongooseError: Operation `livestreams.find()` buffering timed out after 10000ms
    at Timeout.<anonymous> (C:\Users\ROG\DoAnMangXaHoi\social-app\node_modules\mongoose\lib\drivers\node-mongodb-native\collection.js:187:23)
    at listOnTimeout (node:internal/timers:588:17)
    at processTimers (node:internal/timers:523:7)
2025-12-29T12:47:25.956Z [ERROR]: MongooseError: Operation `livestreams.find()` buffering timed out after 10000ms
    at Timeout.<anonymous> (C:\Users\ROG\DoAnMangXaHoi\social-app\node_modules\mongoose\lib\drivers\node-mongodb-native\collection.js:187:23)
    at listOnTimeout (node:internal/timers:588:17)
    at processTimers (node:internal/timers:523:7)
2025-12-29T12:47:30.962Z [ERROR]: MongooseError: Operation `livestreams.find()` buffering timed out after 10000ms
    at Timeout.<anonymous> (C:\Users\ROG\DoAnMangXaHoi\social-app\node_modules\mongoose\lib\drivers\node-mongodb-native\collection.js:187:23)
    at listOnTimeout (node:internal/timers:588:17)
    at processTimers (node:internal/timers:523:7)
2025-12-29T12:47:35.984Z [ERROR]: MongooseError: Operation `livestreams.find()` buffering timed out after 10000ms
    at Timeout.<anonymous> (C:\Users\ROG\DoAnMangXaHoi\social-app\node_modules\mongoose\lib\drivers\node-mongodb-native\collection.js:187:23)
    at listOnTimeout (node:internal/timers:588:17)
    at processTimers (node:internal/timers:523:7)
2025-12-29T12:47:40.982Z [ERROR]: MongooseError: Operation `livestreams.find()` buffering timed out after 10000ms
    at Timeout.<anonymous> (C:\Users\ROG\DoAnMangXaHoi\social-app\node_modules\mongoose\lib\drivers\node-mongodb-native\collection.js:187:23)
    at listOnTimeout (node:internal/timers:588:17)
    at processTimers (node:internal/timers:523:7)
2025-12-29T12:47:45.988Z [ERROR]: MongooseError: Operation `livestreams.find()` buffering timed out after 10000ms
    at Timeout.<anonymous> (C:\Users\ROG\DoAnMangXaHoi\social-app\node_modules\mongoose\lib\drivers\node-mongodb-native\collection.js:187:23)
    at listOnTimeout (node:internal/timers:588:17)
    at processTimers (node:internal/timers:523:7)
2025-12-29T12:47:51.009Z [ERROR]: MongooseError: Operation `livestreams.find()` buffering timed out after 10000ms
    at Timeout.<anonymous> (C:\Users\ROG\DoAnMangXaHoi\social-app\node_modules\mongoose\lib\drivers\node-mongodb-native\collection.js:187:23)
    at listOnTimeout (node:internal/timers:588:17)
    at processTimers (node:internal/timers:523:7)
2025-12-29T12:47:56.005Z [ERROR]: MongooseError: Operation `livestreams.find()` buffering timed out after 10000ms
    at Timeout.<anonymous> (C:\Users\ROG\DoAnMangXaHoi\social-app\node_modules\mongoose\lib\drivers\node-mongodb-native\collection.js:187:23)
    at listOnTimeout (node:internal/timers:588:17)
    at processTimers (node:internal/timers:523:7)
2025-12-29T12:48:01.016Z [ERROR]: MongooseError: Operation `livestreams.find()` buffering timed out after 10000ms
    at Timeout.<anonymous> (C:\Users\ROG\DoAnMangXaHoi\social-app\node_modules\mongoose\lib\drivers\node-mongodb-native\collection.js:187:23)
    at listOnTimeout (node:internal/timers:588:17)
    at processTimers (node:internal/timers:523:7)
2025-12-29T12:48:06.035Z [ERROR]: MongooseError: Operation `livestreams.find()` buffering timed out after 10000ms
    at Timeout.<anonymous> (C:\Users\ROG\DoAnMangXaHoi\social-app\node_modules\mongoose\lib\drivers\node-mongodb-native\collection.js:187:23)
    at listOnTimeout (node:internal/timers:588:17)
    at processTimers (node:internal/timers:523:7)
2025-12-29T12:48:11.045Z [ERROR]: MongooseError: Operation `livestreams.find()` buffering timed out after 10000ms
    at Timeout.<anonymous> (C:\Users\ROG\DoAnMangXaHoi\social-app\node_modules\mongoose\lib\drivers\node-mongodb-native\collection.js:187:23)
    at listOnTimeout (node:internal/timers:588:17)
    at processTimers (node:internal/timers:523:7)
2025-12-29T12:48:16.043Z [ERROR]: MongooseError: Operation `livestreams.find()` buffering timed out after 10000ms
    at Timeout.<anonymous> (C:\Users\ROG\DoAnMangXaHoi\social-app\node_modules\mongoose\lib\drivers\node-mongodb-native\collection.js:187:23)
    at listOnTimeout (node:internal/timers:588:17)
    at processTimers (node:internal/timers:523:7)
2025-12-29T12:48:21.047Z [ERROR]: MongooseError: Operation `livestreams.find()` buffering timed out after 10000ms
    at Timeout.<anonymous> (C:\Users\ROG\DoAnMangXaHoi\social-app\node_modules\mongoose\lib\drivers\node-mongodb-native\collection.js:187:23)
    at listOnTimeout (node:internal/timers:588:17)
    at processTimers (node:internal/timers:523:7)
2025-12-29T12:48:26.064Z [ERROR]: MongooseError: Operation `livestreams.find()` buffering timed out after 10000ms
    at Timeout.<anonymous> (C:\Users\ROG\DoAnMangXaHoi\social-app\node_modules\mongoose\lib\drivers\node-mongodb-native\collection.js:187:23)
    at listOnTimeout (node:internal/timers:588:17)
    at processTimers (node:internal/timers:523:7)
2025-12-29T12:48:31.071Z [ERROR]: MongooseError: Operation `livestreams.find()` buffering timed out after 10000ms
    at Timeout.<anonymous> (C:\Users\ROG\DoAnMangXaHoi\social-app\node_modules\mongoose\lib\drivers\node-mongodb-native\collection.js:187:23)
    at listOnTimeout (node:internal/timers:588:17)
    at processTimers (node:internal/timers:523:7)
2025-12-29T12:48:36.073Z [ERROR]: MongooseError: Operation `livestreams.find()` buffering timed out after 10000ms
    at Timeout.<anonymous> (C:\Users\ROG\DoAnMangXaHoi\social-app\node_modules\mongoose\lib\drivers\node-mongodb-native\collection.js:187:23)
    at listOnTimeout (node:internal/timers:588:17)
    at processTimers (node:internal/timers:523:7)
2025-12-29T12:48:41.073Z [ERROR]: MongooseError: Operation `livestreams.find()` buffering timed out after 10000ms
    at Timeout.<anonymous> (C:\Users\ROG\DoAnMangXaHoi\social-app\node_modules\mongoose\lib\drivers\node-mongodb-native\collection.js:187:23)
    at listOnTimeout (node:internal/timers:588:17)
    at processTimers (node:internal/timers:523:7)
2025-12-29T12:48:46.088Z [ERROR]: MongooseError: Operation `livestreams.find()` buffering timed out after 10000ms
    at Timeout.<anonymous> (C:\Users\ROG\DoAnMangXaHoi\social-app\node_modules\mongoose\lib\drivers\node-mongodb-native\collection.js:187:23)
    at listOnTimeout (node:internal/timers:588:17)
    at processTimers (node:internal/timers:523:7)
2025-12-29T12:48:51.092Z [ERROR]: MongooseError: Operation `livestreams.find()` buffering timed out after 10000ms
    at Timeout.<anonymous> (C:\Users\ROG\DoAnMangXaHoi\social-app\node_modules\mongoose\lib\drivers\node-mongodb-native\collection.js:187:23)
    at listOnTimeout (node:internal/timers:588:17)
    at processTimers (node:internal/timers:523:7)
2025-12-29T12:48:56.092Z [ERROR]: MongooseError: Operation `livestreams.find()` buffering timed out after 10000ms
    at Timeout.<anonymous> (C:\Users\ROG\DoAnMangXaHoi\social-app\node_modules\mongoose\lib\drivers\node-mongodb-native\collection.js:187:23)
    at listOnTimeout (node:internal/timers:588:17)
    at processTimers (node:internal/timers:523:7)
2025-12-29T12:49:01.103Z [ERROR]: MongooseError: Operation `livestreams.find()` buffering timed out after 10000ms
    at Timeout.<anonymous> (C:\Users\ROG\DoAnMangXaHoi\social-app\node_modules\mongoose\lib\drivers\node-mongodb-native\collection.js:187:23)
    at listOnTimeout (node:internal/timers:588:17)
    at processTimers (node:internal/timers:523:7)
2025-12-29T12:49:06.093Z [ERROR]: MongooseError: Operation `livestreams.find()` buffering timed out after 10000ms
    at Timeout.<anonymous> (C:\Users\ROG\DoAnMangXaHoi\social-app\node_modules\mongoose\lib\drivers\node-mongodb-native\collection.js:187:23)
    at listOnTimeout (node:internal/timers:588:17)
    at processTimers (node:internal/timers:523:7)
2025-12-29T12:49:11.115Z [ERROR]: MongooseError: Operation `livestreams.find()` buffering timed out after 10000ms
    at Timeout.<anonymous> (C:\Users\ROG\DoAnMangXaHoi\social-app\node_modules\mongoose\lib\drivers\node-mongodb-native\collection.js:187:23)
    at listOnTimeout (node:internal/timers:588:17)
    at processTimers (node:internal/timers:523:7)
2025-12-29T12:49:16.121Z [ERROR]: MongooseError: Operation `livestreams.find()` buffering timed out after 10000ms
    at Timeout.<anonymous> (C:\Users\ROG\DoAnMangXaHoi\social-app\node_modules\mongoose\lib\drivers\node-mongodb-native\collection.js:187:23)
    at listOnTimeout (node:internal/timers:588:17)
    at processTimers (node:internal/timers:523:7)
2025-12-29T12:49:21.124Z [ERROR]: MongooseError: Operation `livestreams.find()` buffering timed out after 10000ms
    at Timeout.<anonymous> (C:\Users\ROG\DoAnMangXaHoi\social-app\node_modules\mongoose\lib\drivers\node-mongodb-native\collection.js:187:23)
    at listOnTimeout (node:internal/timers:588:17)
    at processTimers (node:internal/timers:523:7)
2025-12-29T12:49:26.127Z [ERROR]: MongooseError: Operation `livestreams.find()` buffering timed out after 10000ms
    at Timeout.<anonymous> (C:\Users\ROG\DoAnMangXaHoi\social-app\node_modules\mongoose\lib\drivers\node-mongodb-native\collection.js:187:23)
    at listOnTimeout (node:internal/timers:588:17)
    at processTimers (node:internal/timers:523:7)
2025-12-29T12:49:31.126Z [ERROR]: MongooseError: Operation `livestreams.find()` buffering timed out after 10000ms
    at Timeout.<anonymous> (C:\Users\ROG\DoAnMangXaHoi\social-app\node_modules\mongoose\lib\drivers\node-mongodb-native\collection.js:187:23)
    at listOnTimeout (node:internal/timers:588:17)
    at processTimers (node:internal/timers:523:7)
2025-12-29T12:49:36.138Z [ERROR]: MongooseError: Operation `livestreams.find()` buffering timed out after 10000ms
    at Timeout.<anonymous> (C:\Users\ROG\DoAnMangXaHoi\social-app\node_modules\mongoose\lib\drivers\node-mongodb-native\collection.js:187:23)
    at listOnTimeout (node:internal/timers:588:17)
    at processTimers (node:internal/timers:523:7)
2025-12-29T12:49:41.143Z [ERROR]: MongooseError: Operation `livestreams.find()` buffering timed out after 10000ms
    at Timeout.<anonymous> (C:\Users\ROG\DoAnMangXaHoi\social-app\node_modules\mongoose\lib\drivers\node-mongodb-native\collection.js:187:23)
    at listOnTimeout (node:internal/timers:588:17)
    at processTimers (node:internal/timers:523:7)
2025-12-29T12:49:46.156Z [ERROR]: MongooseError: Operation `livestreams.find()` buffering timed out after 10000ms
    at Timeout.<anonymous> (C:\Users\ROG\DoAnMangXaHoi\social-app\node_modules\mongoose\lib\drivers\node-mongodb-native\collection.js:187:23)
    at listOnTimeout (node:internal/timers:588:17)
    at processTimers (node:internal/timers:523:7)
2025-12-29T12:49:51.169Z [ERROR]: MongooseError: Operation `livestreams.find()` buffering timed out after 10000ms
    at Timeout.<anonymous> (C:\Users\ROG\DoAnMangXaHoi\social-app\node_modules\mongoose\lib\drivers\node-mongodb-native\collection.js:187:23)
    at listOnTimeout (node:internal/timers:588:17)
    at processTimers (node:internal/timers:523:7)
2025-12-29T12:49:56.177Z [ERROR]: MongooseError: Operation `livestreams.find()` buffering timed out after 10000ms
    at Timeout.<anonymous> (C:\Users\ROG\DoAnMangXaHoi\social-app\node_modules\mongoose\lib\drivers\node-mongodb-native\collection.js:187:23)
    at listOnTimeout (node:internal/timers:588:17)
    at processTimers (node:internal/timers:523:7)
2025-12-29T12:50:01.186Z [ERROR]: MongooseError: Operation `livestreams.find()` buffering timed out after 10000ms
    at Timeout.<anonymous> (C:\Users\ROG\DoAnMangXaHoi\social-app\node_modules\mongoose\lib\drivers\node-mongodb-native\collection.js:187:23)
    at listOnTimeout (node:internal/timers:588:17)
    at processTimers (node:internal/timers:523:7)
2025-12-29T12:50:06.198Z [ERROR]: MongooseError: Operation `livestreams.find()` buffering timed out after 10000ms
    at Timeout.<anonymous> (C:\Users\ROG\DoAnMangXaHoi\social-app\node_modules\mongoose\lib\drivers\node-mongodb-native\collection.js:187:23)
    at listOnTimeout (node:internal/timers:588:17)
    at processTimers (node:internal/timers:523:7)
2025-12-29T12:50:11.203Z [ERROR]: MongooseError: Operation `livestreams.find()` buffering timed out after 10000ms
    at Timeout.<anonymous> (C:\Users\ROG\DoAnMangXaHoi\social-app\node_modules\mongoose\lib\drivers\node-mongodb-native\collection.js:187:23)
    at listOnTimeout (node:internal/timers:588:17)
    at processTimers (node:internal/timers:523:7)
2025-12-29T12:50:16.216Z [ERROR]: MongooseError: Operation `livestreams.find()` buffering timed out after 10000ms
    at Timeout.<anonymous> (C:\Users\ROG\DoAnMangXaHoi\social-app\node_modules\mongoose\lib\drivers\node-mongodb-native\collection.js:187:23)
    at listOnTimeout (node:internal/timers:588:17)
    at processTimers (node:internal/timers:523:7)
2025-12-29T12:50:21.225Z [ERROR]: MongooseError: Operation `livestreams.find()` buffering timed out after 10000ms
    at Timeout.<anonymous> (C:\Users\ROG\DoAnMangXaHoi\social-app\node_modules\mongoose\lib\drivers\node-mongodb-native\collection.js:187:23)
    at listOnTimeout (node:internal/timers:588:17)
    at processTimers (node:internal/timers:523:7)
2025-12-29T12:50:26.238Z [ERROR]: MongooseError: Operation `livestreams.find()` buffering timed out after 10000ms
    at Timeout.<anonymous> (C:\Users\ROG\DoAnMangXaHoi\social-app\node_modules\mongoose\lib\drivers\node-mongodb-native\collection.js:187:23)
    at listOnTimeout (node:internal/timers:588:17)
    at processTimers (node:internal/timers:523:7)
2025-12-29T12:50:31.256Z [ERROR]: MongooseError: Operation `livestreams.find()` buffering timed out after 10000ms
    at Timeout.<anonymous> (C:\Users\ROG\DoAnMangXaHoi\social-app\node_modules\mongoose\lib\drivers\node-mongodb-native\collection.js:187:23)
    at listOnTimeout (node:internal/timers:588:17)
    at processTimers (node:internal/timers:523:7)
2025-12-29T12:50:36.255Z [ERROR]: MongooseError: Operation `livestreams.find()` buffering timed out after 10000ms
    at Timeout.<anonymous> (C:\Users\ROG\DoAnMangXaHoi\social-app\node_modules\mongoose\lib\drivers\node-mongodb-native\collection.js:187:23)
    at listOnTimeout (node:internal/timers:588:17)
    at processTimers (node:internal/timers:523:7)
2025-12-29T12:50:41.258Z [ERROR]: MongooseError: Operation `livestreams.find()` buffering timed out after 10000ms
    at Timeout.<anonymous> (C:\Users\ROG\DoAnMangXaHoi\social-app\node_modules\mongoose\lib\drivers\node-mongodb-native\collection.js:187:23)
    at listOnTimeout (node:internal/timers:588:17)
    at processTimers (node:internal/timers:523:7)
2025-12-29T12:50:46.279Z [ERROR]: MongooseError: Operation `livestreams.find()` buffering timed out after 10000ms
    at Timeout.<anonymous> (C:\Users\ROG\DoAnMangXaHoi\social-app\node_modules\mongoose\lib\drivers\node-mongodb-native\collection.js:187:23)
    at listOnTimeout (node:internal/timers:588:17)
    at processTimers (node:internal/timers:523:7)
2025-12-29T12:50:51.278Z [ERROR]: MongooseError: Operation `livestreams.find()` buffering timed out after 10000ms
    at Timeout.<anonymous> (C:\Users\ROG\DoAnMangXaHoi\social-app\node_modules\mongoose\lib\drivers\node-mongodb-native\collection.js:187:23)
    at listOnTimeout (node:internal/timers:588:17)
    at processTimers (node:internal/timers:523:7)
2025-12-29T12:50:56.290Z [ERROR]: MongooseError: Operation `livestreams.find()` buffering timed out after 10000ms
    at Timeout.<anonymous> (C:\Users\ROG\DoAnMangXaHoi\social-app\node_modules\mongoose\lib\drivers\node-mongodb-native\collection.js:187:23)
    at listOnTimeout (node:internal/timers:588:17)
    at processTimers (node:internal/timers:523:7)
2025-12-29T12:51:01.283Z [ERROR]: MongooseError: Operation `livestreams.find()` buffering timed out after 10000ms
    at Timeout.<anonymous> (C:\Users\ROG\DoAnMangXaHoi\social-app\node_modules\mongoose\lib\drivers\node-mongodb-native\collection.js:187:23)
    at listOnTimeout (node:internal/timers:588:17)
    at processTimers (node:internal/timers:523:7)
2025-12-29T12:51:06.290Z [ERROR]: MongooseError: Operation `livestreams.find()` buffering timed out after 10000ms
    at Timeout.<anonymous> (C:\Users\ROG\DoAnMangXaHoi\social-app\node_modules\mongoose\lib\drivers\node-mongodb-native\collection.js:187:23)
    at listOnTimeout (node:internal/timers:588:17)
    at processTimers (node:internal/timers:523:7)
2025-12-29T12:51:11.305Z [ERROR]: MongooseError: Operation `livestreams.find()` buffering timed out after 10000ms
    at Timeout.<anonymous> (C:\Users\ROG\DoAnMangXaHoi\social-app\node_modules\mongoose\lib\drivers\node-mongodb-native\collection.js:187:23)
    at listOnTimeout (node:internal/timers:588:17)
    at processTimers (node:internal/timers:523:7)
2025-12-29T12:51:16.313Z [ERROR]: MongooseError: Operation `livestreams.find()` buffering timed out after 10000ms
    at Timeout.<anonymous> (C:\Users\ROG\DoAnMangXaHoi\social-app\node_modules\mongoose\lib\drivers\node-mongodb-native\collection.js:187:23)
    at listOnTimeout (node:internal/timers:588:17)
    at processTimers (node:internal/timers:523:7)
2025-12-29T12:51:21.309Z [ERROR]: MongooseError: Operation `livestreams.find()` buffering timed out after 10000ms
    at Timeout.<anonymous> (C:\Users\ROG\DoAnMangXaHoi\social-app\node_modules\mongoose\lib\drivers\node-mongodb-native\collection.js:187:23)
    at listOnTimeout (node:internal/timers:588:17)
    at processTimers (node:internal/timers:523:7)
2025-12-29T12:51:26.326Z [ERROR]: MongooseError: Operation `livestreams.find()` buffering timed out after 10000ms
    at Timeout.<anonymous> (C:\Users\ROG\DoAnMangXaHoi\social-app\node_modules\mongoose\lib\drivers\node-mongodb-native\collection.js:187:23)
    at listOnTimeout (node:internal/timers:588:17)
    at processTimers (node:internal/timers:523:7)
2025-12-29T12:51:31.331Z [ERROR]: MongooseError: Operation `livestreams.find()` buffering timed out after 10000ms
    at Timeout.<anonymous> (C:\Users\ROG\DoAnMangXaHoi\social-app\node_modules\mongoose\lib\drivers\node-mongodb-native\collection.js:187:23)
    at listOnTimeout (node:internal/timers:588:17)
    at processTimers (node:internal/timers:523:7)
2025-12-29T12:51:36.328Z [ERROR]: MongooseError: Operation `livestreams.find()` buffering timed out after 10000ms
    at Timeout.<anonymous> (C:\Users\ROG\DoAnMangXaHoi\social-app\node_modules\mongoose\lib\drivers\node-mongodb-native\collection.js:187:23)
    at listOnTimeout (node:internal/timers:588:17)
    at processTimers (node:internal/timers:523:7)
2025-12-29T12:51:41.333Z [ERROR]: MongooseError: Operation `livestreams.find()` buffering timed out after 10000ms
    at Timeout.<anonymous> (C:\Users\ROG\DoAnMangXaHoi\social-app\node_modules\mongoose\lib\drivers\node-mongodb-native\collection.js:187:23)
    at listOnTimeout (node:internal/timers:588:17)
    at processTimers (node:internal/timers:523:7)
2025-12-29T12:51:46.345Z [ERROR]: MongooseError: Operation `livestreams.find()` buffering timed out after 10000ms
    at Timeout.<anonymous> (C:\Users\ROG\DoAnMangXaHoi\social-app\node_modules\mongoose\lib\drivers\node-mongodb-native\collection.js:187:23)
    at listOnTimeout (node:internal/timers:588:17)
    at processTimers (node:internal/timers:523:7)
2025-12-29T12:51:51.362Z [ERROR]: MongooseError: Operation `livestreams.find()` buffering timed out after 10000ms
    at Timeout.<anonymous> (C:\Users\ROG\DoAnMangXaHoi\social-app\node_modules\mongoose\lib\drivers\node-mongodb-native\collection.js:187:23)
    at listOnTimeout (node:internal/timers:588:17)
    at processTimers (node:internal/timers:523:7)
2025-12-29T12:51:56.358Z [ERROR]: MongooseError: Operation `livestreams.find()` buffering timed out after 10000ms
    at Timeout.<anonymous> (C:\Users\ROG\DoAnMangXaHoi\social-app\node_modules\mongoose\lib\drivers\node-mongodb-native\collection.js:187:23)
    at listOnTimeout (node:internal/timers:588:17)
    at processTimers (node:internal/timers:523:7)
2025-12-29T12:52:01.366Z [ERROR]: MongooseError: Operation `livestreams.find()` buffering timed out after 10000ms
    at Timeout.<anonymous> (C:\Users\ROG\DoAnMangXaHoi\social-app\node_modules\mongoose\lib\drivers\node-mongodb-native\collection.js:187:23)
    at listOnTimeout (node:internal/timers:588:17)
    at processTimers (node:internal/timers:523:7)
2025-12-29T12:52:06.368Z [ERROR]: MongooseError: Operation `livestreams.find()` buffering timed out after 10000ms
    at Timeout.<anonymous> (C:\Users\ROG\DoAnMangXaHoi\social-app\node_modules\mongoose\lib\drivers\node-mongodb-native\collection.js:187:23)
    at listOnTimeout (node:internal/timers:588:17)
    at processTimers (node:internal/timers:523:7)
2025-12-29T12:52:11.368Z [ERROR]: MongooseError: Operation `livestreams.find()` buffering timed out after 10000ms
    at Timeout.<anonymous> (C:\Users\ROG\DoAnMangXaHoi\social-app\node_modules\mongoose\lib\drivers\node-mongodb-native\collection.js:187:23)
    at listOnTimeout (node:internal/timers:588:17)
    at processTimers (node:internal/timers:523:7)
2025-12-29T12:52:16.380Z [ERROR]: MongooseError: Operation `livestreams.find()` buffering timed out after 10000ms
    at Timeout.<anonymous> (C:\Users\ROG\DoAnMangXaHoi\social-app\node_modules\mongoose\lib\drivers\node-mongodb-native\collection.js:187:23)
    at listOnTimeout (node:internal/timers:588:17)
    at processTimers (node:internal/timers:523:7)
2025-12-29T12:52:21.380Z [ERROR]: MongooseError: Operation `livestreams.find()` buffering timed out after 10000ms
    at Timeout.<anonymous> (C:\Users\ROG\DoAnMangXaHoi\social-app\node_modules\mongoose\lib\drivers\node-mongodb-native\collection.js:187:23)
    at listOnTimeout (node:internal/timers:588:17)
    at processTimers (node:internal/timers:523:7)
2025-12-29T12:52:26.392Z [ERROR]: MongooseError: Operation `livestreams.find()` buffering timed out after 10000ms
    at Timeout.<anonymous> (C:\Users\ROG\DoAnMangXaHoi\social-app\node_modules\mongoose\lib\drivers\node-mongodb-native\collection.js:187:23)
    at listOnTimeout (node:internal/timers:588:17)
    at processTimers (node:internal/timers:523:7)
2025-12-29T12:52:31.391Z [ERROR]: MongooseError: Operation `livestreams.find()` buffering timed out after 10000ms
    at Timeout.<anonymous> (C:\Users\ROG\DoAnMangXaHoi\social-app\node_modules\mongoose\lib\drivers\node-mongodb-native\collection.js:187:23)
    at listOnTimeout (node:internal/timers:588:17)
    at processTimers (node:internal/timers:523:7)
2025-12-29T12:52:36.403Z [ERROR]: MongooseError: Operation `livestreams.find()` buffering timed out after 10000ms
    at Timeout.<anonymous> (C:\Users\ROG\DoAnMangXaHoi\social-app\node_modules\mongoose\lib\drivers\node-mongodb-native\collection.js:187:23)
    at listOnTimeout (node:internal/timers:588:17)
    at processTimers (node:internal/timers:523:7)
2025-12-29T12:52:41.409Z [ERROR]: MongooseError: Operation `livestreams.find()` buffering timed out after 10000ms
    at Timeout.<anonymous> (C:\Users\ROG\DoAnMangXaHoi\social-app\node_modules\mongoose\lib\drivers\node-mongodb-native\collection.js:187:23)
    at listOnTimeout (node:internal/timers:588:17)
    at processTimers (node:internal/timers:523:7)
2025-12-29T12:52:46.419Z [ERROR]: MongooseError: Operation `livestreams.find()` buffering timed out after 10000ms
    at Timeout.<anonymous> (C:\Users\ROG\DoAnMangXaHoi\social-app\node_modules\mongoose\lib\drivers\node-mongodb-native\collection.js:187:23)
    at listOnTimeout (node:internal/timers:588:17)
    at processTimers (node:internal/timers:523:7)
2025-12-29T12:52:51.428Z [ERROR]: MongooseError: Operation `livestreams.find()` buffering timed out after 10000ms
    at Timeout.<anonymous> (C:\Users\ROG\DoAnMangXaHoi\social-app\node_modules\mongoose\lib\drivers\node-mongodb-native\collection.js:187:23)
    at listOnTimeout (node:internal/timers:588:17)
    at processTimers (node:internal/timers:523:7)
2025-12-29T12:52:56.440Z [ERROR]: MongooseError: Operation `livestreams.find()` buffering timed out after 10000ms
    at Timeout.<anonymous> (C:\Users\ROG\DoAnMangXaHoi\social-app\node_modules\mongoose\lib\drivers\node-mongodb-native\collection.js:187:23)
    at listOnTimeout (node:internal/timers:588:17)
    at processTimers (node:internal/timers:523:7)
2025-12-29T12:53:01.436Z [ERROR]: MongooseError: Operation `livestreams.find()` buffering timed out after 10000ms
    at Timeout.<anonymous> (C:\Users\ROG\DoAnMangXaHoi\social-app\node_modules\mongoose\lib\drivers\node-mongodb-native\collection.js:187:23)
    at listOnTimeout (node:internal/timers:588:17)
    at processTimers (node:internal/timers:523:7)
2025-12-29T12:53:06.447Z [ERROR]: MongooseError: Operation `livestreams.find()` buffering timed out after 10000ms
    at Timeout.<anonymous> (C:\Users\ROG\DoAnMangXaHoi\social-app\node_modules\mongoose\lib\drivers\node-mongodb-native\collection.js:187:23)
    at listOnTimeout (node:internal/timers:588:17)
    at processTimers (node:internal/timers:523:7)
2025-12-29T12:53:11.463Z [ERROR]: MongooseError: Operation `livestreams.find()` buffering timed out after 10000ms
    at Timeout.<anonymous> (C:\Users\ROG\DoAnMangXaHoi\social-app\node_modules\mongoose\lib\drivers\node-mongodb-native\collection.js:187:23)
    at listOnTimeout (node:internal/timers:588:17)
    at processTimers (node:internal/timers:523:7)
2025-12-29T12:53:16.463Z [ERROR]: MongooseError: Operation `livestreams.find()` buffering timed out after 10000ms
    at Timeout.<anonymous> (C:\Users\ROG\DoAnMangXaHoi\social-app\node_modules\mongoose\lib\drivers\node-mongodb-native\collection.js:187:23)
    at listOnTimeout (node:internal/timers:588:17)
    at processTimers (node:internal/timers:523:7)
2025-12-29T12:53:21.470Z [ERROR]: MongooseError: Operation `livestreams.find()` buffering timed out after 10000ms
    at Timeout.<anonymous> (C:\Users\ROG\DoAnMangXaHoi\social-app\node_modules\mongoose\lib\drivers\node-mongodb-native\collection.js:187:23)
    at listOnTimeout (node:internal/timers:588:17)
    at processTimers (node:internal/timers:523:7)
2025-12-29T12:53:26.470Z [ERROR]: MongooseError: Operation `livestreams.find()` buffering timed out after 10000ms
    at Timeout.<anonymous> (C:\Users\ROG\DoAnMangXaHoi\social-app\node_modules\mongoose\lib\drivers\node-mongodb-native\collection.js:187:23)
    at listOnTimeout (node:internal/timers:588:17)
    at processTimers (node:internal/timers:523:7)
2025-12-29T12:53:31.478Z [ERROR]: MongooseError: Operation `livestreams.find()` buffering timed out after 10000ms
    at Timeout.<anonymous> (C:\Users\ROG\DoAnMangXaHoi\social-app\node_modules\mongoose\lib\drivers\node-mongodb-native\collection.js:187:23)
    at listOnTimeout (node:internal/timers:588:17)
    at processTimers (node:internal/timers:523:7)
2025-12-29T12:53:36.475Z [ERROR]: MongooseError: Operation `livestreams.find()` buffering timed out after 10000ms
    at Timeout.<anonymous> (C:\Users\ROG\DoAnMangXaHoi\social-app\node_modules\mongoose\lib\drivers\node-mongodb-native\collection.js:187:23)
    at listOnTimeout (node:internal/timers:588:17)
    at processTimers (node:internal/timers:523:7)
2025-12-29T12:53:41.483Z [ERROR]: MongooseError: Operation `livestreams.find()` buffering timed out after 10000ms
    at Timeout.<anonymous> (C:\Users\ROG\DoAnMangXaHoi\social-app\node_modules\mongoose\lib\drivers\node-mongodb-native\collection.js:187:23)
    at listOnTimeout (node:internal/timers:588:17)
    at processTimers (node:internal/timers:523:7)
2025-12-30T07:41:02.771Z [ERROR]: MongooseServerSelectionError: Could not connect to any servers in your MongoDB Atlas cluster. One common reason is that you're trying to access the database from an IP that isn't whitelisted. Make sure your current IP address is on your Atlas cluster's IP whitelist: https://www.mongodb.com/docs/atlas/security-whitelist/
    at _handleConnectionErrors (C:\Users\ROG\DoAnMangXaHoi\social-app\node_modules\mongoose\lib\connection.js:1165:11)
    at NativeConnection.openUri (C:\Users\ROG\DoAnMangXaHoi\social-app\node_modules\mongoose\lib\connection.js:1096:11)
    at DatabaseConnection.connect (C:\Users\ROG\DoAnMangXaHoi\social-app\src\shared\database\connection.ts:36:7)
2025-12-30T07:41:02.776Z [ERROR]: MongoServerSelectionError: AC6C0000:error:0A000438:SSL routines:ssl3_read_bytes:tlsv1 alert internal error:c:\ws\deps\openssl\openssl\ssl\record\rec_layer_s3.c:1605:SSL alert number 80

    at Topology.selectServer (C:\Users\ROG\DoAnMangXaHoi\social-app\node_modules\mongodb\src\sdam\topology.ts:635:30)
    at Topology._connect (C:\Users\ROG\DoAnMangXaHoi\social-app\node_modules\mongodb\src\sdam\topology.ts:467:22)
    at Topology.connect (C:\Users\ROG\DoAnMangXaHoi\social-app\node_modules\mongodb\src\sdam\topology.ts:404:7)
    at topologyConnect (C:\Users\ROG\DoAnMangXaHoi\social-app\node_modules\mongodb\src\mongo_client.ts:695:9)
    at MongoClient._connect (C:\Users\ROG\DoAnMangXaHoi\social-app\node_modules\mongodb\src\mongo_client.ts:707:7)
    at MongoClient.connect (C:\Users\ROG\DoAnMangXaHoi\social-app\node_modules\mongodb\src\mongo_client.ts:619:7)
    at NativeConnection.createClient (C:\Users\ROG\DoAnMangXaHoi\social-app\node_modules\mongoose\lib\drivers\node-mongodb-native\connection.js:351:3)
    at NativeConnection.openUri (C:\Users\ROG\DoAnMangXaHoi\social-app\node_modules\mongoose\lib\connection.js:1094:5)
    at DatabaseConnection.connect (C:\Users\ROG\DoAnMangXaHoi\social-app\src\shared\database\connection.ts:36:7)
2026-01-08T05:41:12.750Z [ERROR]: MongooseServerSelectionError: Could not connect to any servers in your MongoDB Atlas cluster. One common reason is that you're trying to access the database from an IP that isn't whitelisted. Make sure your current IP address is on your Atlas cluster's IP whitelist: https://www.mongodb.com/docs/atlas/security-whitelist/
    at _handleConnectionErrors (C:\Users\ROG\DoAnMangXaHoi\social-app\node_modules\mongoose\lib\connection.js:1165:11)
    at NativeConnection.openUri (C:\Users\ROG\DoAnMangXaHoi\social-app\node_modules\mongoose\lib\connection.js:1096:11)
    at DatabaseConnection.connect (C:\Users\ROG\DoAnMangXaHoi\social-app\src\shared\database\connection.ts:36:7)
2026-01-08T05:41:12.766Z [ERROR]: MongoServerSelectionError: 70390000:error:0A000438:SSL routines:ssl3_read_bytes:tlsv1 alert internal error:c:\ws\deps\openssl\openssl\ssl\record\rec_layer_s3.c:1605:SSL alert number 80

    at Topology.selectServer (C:\Users\ROG\DoAnMangXaHoi\social-app\node_modules\mongodb\src\sdam\topology.ts:635:30)
    at Topology._connect (C:\Users\ROG\DoAnMangXaHoi\social-app\node_modules\mongodb\src\sdam\topology.ts:467:22)
    at Topology.connect (C:\Users\ROG\DoAnMangXaHoi\social-app\node_modules\mongodb\src\sdam\topology.ts:404:7)
    at topologyConnect (C:\Users\ROG\DoAnMangXaHoi\social-app\node_modules\mongodb\src\mongo_client.ts:695:9)
    at MongoClient._connect (C:\Users\ROG\DoAnMangXaHoi\social-app\node_modules\mongodb\src\mongo_client.ts:707:7)
    at MongoClient.connect (C:\Users\ROG\DoAnMangXaHoi\social-app\node_modules\mongodb\src\mongo_client.ts:619:7)
    at NativeConnection.createClient (C:\Users\ROG\DoAnMangXaHoi\social-app\node_modules\mongoose\lib\drivers\node-mongodb-native\connection.js:351:3)
    at NativeConnection.openUri (C:\Users\ROG\DoAnMangXaHoi\social-app\node_modules\mongoose\lib\connection.js:1094:5)
    at DatabaseConnection.connect (C:\Users\ROG\DoAnMangXaHoi\social-app\src\shared\database\connection.ts:36:7)
2026-01-08T05:41:43.571Z [ERROR]: MongooseServerSelectionError: Could not connect to any servers in your MongoDB Atlas cluster. One common reason is that you're trying to access the database from an IP that isn't whitelisted. Make sure your current IP address is on your Atlas cluster's IP whitelist: https://www.mongodb.com/docs/atlas/security-whitelist/
    at _handleConnectionErrors (C:\Users\ROG\DoAnMangXaHoi\social-app\node_modules\mongoose\lib\connection.js:1165:11)
    at NativeConnection.openUri (C:\Users\ROG\DoAnMangXaHoi\social-app\node_modules\mongoose\lib\connection.js:1096:11)
    at DatabaseConnection.connect (C:\Users\ROG\DoAnMangXaHoi\social-app\src\shared\database\connection.ts:36:7)
2026-01-08T05:41:43.590Z [ERROR]: MongoServerSelectionError: 2C790000:error:0A000438:SSL routines:ssl3_read_bytes:tlsv1 alert internal error:c:\ws\deps\openssl\openssl\ssl\record\rec_layer_s3.c:1605:SSL alert number 80

    at Topology.selectServer (C:\Users\ROG\DoAnMangXaHoi\social-app\node_modules\mongodb\src\sdam\topology.ts:635:30)
    at Topology._connect (C:\Users\ROG\DoAnMangXaHoi\social-app\node_modules\mongodb\src\sdam\topology.ts:467:22)
    at Topology.connect (C:\Users\ROG\DoAnMangXaHoi\social-app\node_modules\mongodb\src\sdam\topology.ts:404:7)
    at topologyConnect (C:\Users\ROG\DoAnMangXaHoi\social-app\node_modules\mongodb\src\mongo_client.ts:695:9)
    at MongoClient._connect (C:\Users\ROG\DoAnMangXaHoi\social-app\node_modules\mongodb\src\mongo_client.ts:707:7)
    at MongoClient.connect (C:\Users\ROG\DoAnMangXaHoi\social-app\node_modules\mongodb\src\mongo_client.ts:619:7)
    at NativeConnection.createClient (C:\Users\ROG\DoAnMangXaHoi\social-app\node_modules\mongoose\lib\drivers\node-mongodb-native\connection.js:351:3)
    at NativeConnection.openUri (C:\Users\ROG\DoAnMangXaHoi\social-app\node_modules\mongoose\lib\connection.js:1094:5)
    at DatabaseConnection.connect (C:\Users\ROG\DoAnMangXaHoi\social-app\src\shared\database\connection.ts:36:7)
2026-01-08T05:45:09.327Z [ERROR]: MongooseServerSelectionError: Could not connect to any servers in your MongoDB Atlas cluster. One common reason is that you're trying to access the database from an IP that isn't whitelisted. Make sure your current IP address is on your Atlas cluster's IP whitelist: https://www.mongodb.com/docs/atlas/security-whitelist/
    at _handleConnectionErrors (C:\Users\ROG\DoAnMangXaHoi\social-app\node_modules\mongoose\lib\connection.js:1165:11)
    at NativeConnection.openUri (C:\Users\ROG\DoAnMangXaHoi\social-app\node_modules\mongoose\lib\connection.js:1096:11)
    at DatabaseConnection.connect (C:\Users\ROG\DoAnMangXaHoi\social-app\src\shared\database\connection.ts:36:7)
2026-01-08T05:45:09.341Z [ERROR]: MongoServerSelectionError: 24690000:error:0A000438:SSL routines:ssl3_read_bytes:tlsv1 alert internal error:c:\ws\deps\openssl\openssl\ssl\record\rec_layer_s3.c:1605:SSL alert number 80

    at Topology.selectServer (C:\Users\ROG\DoAnMangXaHoi\social-app\node_modules\mongodb\src\sdam\topology.ts:635:30)
    at Topology._connect (C:\Users\ROG\DoAnMangXaHoi\social-app\node_modules\mongodb\src\sdam\topology.ts:467:22)
    at Topology.connect (C:\Users\ROG\DoAnMangXaHoi\social-app\node_modules\mongodb\src\sdam\topology.ts:404:7)
    at topologyConnect (C:\Users\ROG\DoAnMangXaHoi\social-app\node_modules\mongodb\src\mongo_client.ts:695:9)
    at MongoClient._connect (C:\Users\ROG\DoAnMangXaHoi\social-app\node_modules\mongodb\src\mongo_client.ts:707:7)
    at MongoClient.connect (C:\Users\ROG\DoAnMangXaHoi\social-app\node_modules\mongodb\src\mongo_client.ts:619:7)
    at NativeConnection.createClient (C:\Users\ROG\DoAnMangXaHoi\social-app\node_modules\mongoose\lib\drivers\node-mongodb-native\connection.js:351:3)
    at NativeConnection.openUri (C:\Users\ROG\DoAnMangXaHoi\social-app\node_modules\mongoose\lib\connection.js:1094:5)
    at DatabaseConnection.connect (C:\Users\ROG\DoAnMangXaHoi\social-app\src\shared\database\connection.ts:36:7)
2026-01-08T05:46:02.273Z [ERROR]: Error: CORS policy: This origin is not allowed
    at origin (C:\Users\ROG\DoAnMangXaHoi\social-app\src\app.ts:51:21)
    at C:\Users\ROG\DoAnMangXaHoi\social-app\node_modules\cors\lib\index.js:219:13
    at optionsCallback (C:\Users\ROG\DoAnMangXaHoi\social-app\node_modules\cors\lib\index.js:199:9)
    at corsMiddleware (C:\Users\ROG\DoAnMangXaHoi\social-app\node_modules\cors\lib\index.js:204:7)
    at Layer.handleRequest (C:\Users\ROG\DoAnMangXaHoi\social-app\node_modules\router\lib\layer.js:152:17)
    at trimPrefix (C:\Users\ROG\DoAnMangXaHoi\social-app\node_modules\router\index.js:342:13)
    at C:\Users\ROG\DoAnMangXaHoi\social-app\node_modules\router\index.js:297:9
    at processParams (C:\Users\ROG\DoAnMangXaHoi\social-app\node_modules\router\index.js:582:12)
    at next (C:\Users\ROG\DoAnMangXaHoi\social-app\node_modules\router\index.js:291:5)
    at internalNext (C:\Users\ROG\DoAnMangXaHoi\social-app\node_modules\helmet\index.cjs:531:6)
2026-01-08T05:55:48.005Z [ERROR]: Error: CORS policy: This origin is not allowed
    at origin (C:\Users\ROG\DoAnMangXaHoi\social-app\src\app.ts:51:21)
    at C:\Users\ROG\DoAnMangXaHoi\social-app\node_modules\cors\lib\index.js:219:13
    at optionsCallback (C:\Users\ROG\DoAnMangXaHoi\social-app\node_modules\cors\lib\index.js:199:9)
    at corsMiddleware (C:\Users\ROG\DoAnMangXaHoi\social-app\node_modules\cors\lib\index.js:204:7)
    at Layer.handleRequest (C:\Users\ROG\DoAnMangXaHoi\social-app\node_modules\router\lib\layer.js:152:17)
    at trimPrefix (C:\Users\ROG\DoAnMangXaHoi\social-app\node_modules\router\index.js:342:13)
    at C:\Users\ROG\DoAnMangXaHoi\social-app\node_modules\router\index.js:297:9
    at processParams (C:\Users\ROG\DoAnMangXaHoi\social-app\node_modules\router\index.js:582:12)
    at next (C:\Users\ROG\DoAnMangXaHoi\social-app\node_modules\router\index.js:291:5)
    at internalNext (C:\Users\ROG\DoAnMangXaHoi\social-app\node_modules\helmet\index.cjs:531:6)
2026-01-08T05:55:54.681Z [ERROR]: Error: CORS policy: This origin is not allowed
    at origin (C:\Users\ROG\DoAnMangXaHoi\social-app\src\app.ts:51:21)
    at C:\Users\ROG\DoAnMangXaHoi\social-app\node_modules\cors\lib\index.js:219:13
    at optionsCallback (C:\Users\ROG\DoAnMangXaHoi\social-app\node_modules\cors\lib\index.js:199:9)
    at corsMiddleware (C:\Users\ROG\DoAnMangXaHoi\social-app\node_modules\cors\lib\index.js:204:7)
    at Layer.handleRequest (C:\Users\ROG\DoAnMangXaHoi\social-app\node_modules\router\lib\layer.js:152:17)
    at trimPrefix (C:\Users\ROG\DoAnMangXaHoi\social-app\node_modules\router\index.js:342:13)
    at C:\Users\ROG\DoAnMangXaHoi\social-app\node_modules\router\index.js:297:9
    at processParams (C:\Users\ROG\DoAnMangXaHoi\social-app\node_modules\router\index.js:582:12)
    at next (C:\Users\ROG\DoAnMangXaHoi\social-app\node_modules\router\index.js:291:5)
    at internalNext (C:\Users\ROG\DoAnMangXaHoi\social-app\node_modules\helmet\index.cjs:531:6)
2026-01-08T05:59:32.206Z [ERROR]: ValidationError: User validation failed: address: Cast to ObjectId failed for value "{
  province: 'H Ni',
  district: 'Ba nh',
  commune: 'Phc X',
  street: 'ng ABC',
  detail: 'S nh 123'
}" (type Object) at path "address" because of "BSONError"
    at model.Document.invalidate (C:\Users\ROG\DoAnMangXaHoi\social-app\node_modules\mongoose\lib\document.js:3362:32)
    at model.$set (C:\Users\ROG\DoAnMangXaHoi\social-app\node_modules\mongoose\lib\document.js:1484:12)
    at model.$set (C:\Users\ROG\DoAnMangXaHoi\social-app\node_modules\mongoose\lib\document.js:1136:16)
    at model.Document (C:\Users\ROG\DoAnMangXaHoi\social-app\node_modules\mongoose\lib\document.js:178:12)
    at model.Model (C:\Users\ROG\DoAnMangXaHoi\social-app\node_modules\mongoose\lib\model.js:127:12)
    at new model (C:\Users\ROG\DoAnMangXaHoi\social-app\node_modules\mongoose\lib\model.js:4845:15)
    at C:\Users\ROG\DoAnMangXaHoi\social-app\src\routes\auth.ts:145:18
    at processTicksAndRejections (node:internal/process/task_queues:105:5)
2026-01-08T05:59:46.499Z [ERROR]: SyntaxError: Expected double-quoted property name in JSON at position 151 (line 8 column 1)
    at JSON.parse (<anonymous>)
    at parse (C:\Users\ROG\DoAnMangXaHoi\social-app\node_modules\body-parser\lib\types\json.js:77:19)
    at C:\Users\ROG\DoAnMangXaHoi\social-app\node_modules\body-parser\lib\read.js:123:18
    at AsyncResource.runInAsyncScope (node:async_hooks:214:14)
    at invokeCallback (C:\Users\ROG\DoAnMangXaHoi\social-app\node_modules\raw-body\index.js:238:16)
    at done (C:\Users\ROG\DoAnMangXaHoi\social-app\node_modules\raw-body\index.js:227:7)
    at IncomingMessage.onEnd (C:\Users\ROG\DoAnMangXaHoi\social-app\node_modules\raw-body\index.js:287:7)
    at IncomingMessage.emit (node:events:518:28)
    at endReadableNT (node:internal/streams/readable:1698:12)
    at processTicksAndRejections (node:internal/process/task_queues:90:21)
